<?xml version="1.0" encoding="UTF-8"?>
<!-- Generated by org.testng.reporters.JUnitXMLReporter -->
<testsuite ignored="0" hostname="DESKTOP-3P90NIA" failures="0" tests="5" name="Test" time="0.036" errors="0" timestamp="16 Aug 2022 14:01:17 GMT">
  <testcase classname="under_maven.FirstTestng" name="action" time="0.007"/>
  <testcase classname="under_maven.FirstTestng" name="display" time="0.001"/>
  <testcase classname="under_maven.FirstTestng" name="show" time="0.001"/>
  <testcase classname="under_maven.TestClass" name="anothermethod" time="0.002"/>
  <testcase classname="under_maven.FirstTestng" name="priority" time="0.001"/>
</testsuite> <!-- Test -->
